<?xml version="1.0" encoding="UTF-8"?>
<coverage generated="1684608928427" clover="3.2.0">
  <project timestamp="1684608928427" name="All files">
    <metrics statements="25" coveredstatements="24" conditionals="5" coveredconditionals="5" methods="8" coveredmethods="7" elements="38" coveredelements="36" complexity="0" loc="25" ncloc="25" packages="1" files="2" classes="2"/>
    <file name="finances.ts" path="/home/jairo/Studies/sercomp/test/src/finances.ts">
      <metrics statements="23" coveredstatements="23" conditionals="5" coveredconditionals="5" methods="7" coveredmethods="7"/>
      <line num="1" count="1" type="stmt"/>
      <line num="3" count="1" type="cond" truecount="2" falsecount="0"/>
      <line num="4" count="1" type="stmt"/>
      <line num="5" count="1" type="stmt"/>
      <line num="23" count="1" type="stmt"/>
      <line num="24" count="7" type="stmt"/>
      <line num="27" count="8" type="cond" truecount="1" falsecount="0"/>
      <line num="28" count="1" type="stmt"/>
      <line num="30" count="7" type="stmt"/>
      <line num="31" count="7" type="stmt"/>
      <line num="35" count="7" type="stmt"/>
      <line num="37" count="7" type="stmt"/>
      <line num="41" count="2" type="stmt"/>
      <line num="42" count="2" type="cond" truecount="2" falsecount="0"/>
      <line num="43" count="1" type="stmt"/>
      <line num="45" count="1" type="stmt"/>
      <line num="47" count="2" type="stmt"/>
      <line num="50" count="2" type="stmt"/>
      <line num="54" count="1" type="stmt"/>
      <line num="55" count="3" type="stmt"/>
      <line num="58" count="1" type="stmt"/>
      <line num="59" count="2" type="stmt"/>
      <line num="62" count="1" type="stmt"/>
    </file>
    <file name="index.ts" path="/home/jairo/Studies/sercomp/test/src/index.ts">
      <metrics statements="2" coveredstatements="1" conditionals="0" coveredconditionals="0" methods="1" coveredmethods="0"/>
      <line num="1" count="1" type="stmt"/>
      <line num="2" count="0" type="stmt"/>
    </file>
  </project>
</coverage>
