{"/home/jairo/Studies/sercomp/test/src/finances.ts": {"path":"/home/jairo/Studies/sercomp/test/src/finances.ts","statementMap":{"0":{"start":{"line":1,"column":0},"end":{"line":1,"column":41}},"1":{"start":{"line":24,"column":40},"end":{"line":24,"column":42}},"2":{"start":{"line":27,"column":4},"end":{"line":27,"column":65}},"3":{"start":{"line":27,"column":33},"end":{"line":27,"column":65}},"4":{"start":{"line":29,"column":15},"end":{"line":29,"column":27}},"5":{"start":{"line":30,"column":27},"end":{"line":33,"column":6}},"6":{"start":{"line":34,"column":4},"end":{"line":34,"column":43}},"7":{"start":{"line":35,"column":4},"end":{"line":35,"column":26}},"8":{"start":{"line":39,"column":20},"end":{"line":46,"column":9}},"9":{"start":{"line":40,"column":6},"end":{"line":44,"column":null}},"10":{"start":{"line":41,"column":8},"end":{"line":41,"column":33}},"11":{"start":{"line":43,"column":8},"end":{"line":43,"column":33}},"12":{"start":{"line":45,"column":6},"end":{"line":45,"column":17}},"13":{"start":{"line":48,"column":4},"end":{"line":48,"column":19}},"14":{"start":{"line":23,"column":0},"end":{"line":23,"column":13}}},"fnMap":{"0":{"name":"(anonymous_0)","decl":{"start":{"line":26,"column":2},"end":{"line":26,"column":7}},"loc":{"start":{"line":26,"column":45},"end":{"line":36,"column":3}}},"1":{"name":"(anonymous_1)","decl":{"start":{"line":38,"column":2},"end":{"line":38,"column":7}},"loc":{"start":{"line":38,"column":18},"end":{"line":49,"column":3}}},"2":{"name":"(anonymous_2)","decl":{"start":{"line":39,"column":45},"end":{"line":39,"column":46}},"loc":{"start":{"line":39,"column":66},"end":{"line":46,"column":5}}}},"branchMap":{"0":{"loc":{"start":{"line":27,"column":4},"end":{"line":27,"column":65}},"type":"if","locations":[{"start":{"line":27,"column":4},"end":{"line":27,"column":65}}]},"1":{"loc":{"start":{"line":40,"column":6},"end":{"line":44,"column":null}},"type":"if","locations":[{"start":{"line":40,"column":6},"end":{"line":44,"column":null}},{"start":{"line":42,"column":13},"end":{"line":44,"column":null}}]}},"s":{"0":1,"1":4,"2":4,"3":1,"4":3,"5":3,"6":3,"7":3,"8":2,"9":2,"10":1,"11":1,"12":2,"13":2,"14":1},"f":{"0":4,"1":2,"2":2},"b":{"0":[1],"1":[1,1]}}
,"/home/jairo/Studies/sercomp/test/src/index.ts": {"path":"/home/jairo/Studies/sercomp/test/src/index.ts","statementMap":{"0":{"start":{"line":2,"column":2},"end":{"line":2,"column":15}},"1":{"start":{"line":1,"column":0},"end":{"line":1,"column":16}}},"fnMap":{"0":{"name":"sum","decl":{"start":{"line":1,"column":16},"end":{"line":1,"column":19}},"loc":{"start":{"line":1,"column":40},"end":{"line":3,"column":1}}}},"branchMap":{},"s":{"0":1,"1":1},"f":{"0":1},"b":{}}
}
