{"/home/jairo/Studies/sercomp/test/src/finances.ts": {"path":"/home/jairo/Studies/sercomp/test/src/finances.ts","statementMap":{"0":{"start":{"line":1,"column":0},"end":{"line":1,"column":41}},"1":{"start":{"line":3,"column":0},"end":{"line":3,"column":null}},"2":{"start":{"line":4,"column":2},"end":{"line":4,"column":null}},"3":{"start":{"line":5,"column":2},"end":{"line":5,"column":null}},"4":{"start":{"line":24,"column":40},"end":{"line":24,"column":42}},"5":{"start":{"line":27,"column":4},"end":{"line":28,"column":55}},"6":{"start":{"line":28,"column":6},"end":{"line":28,"column":55}},"7":{"start":{"line":30,"column":15},"end":{"line":30,"column":27}},"8":{"start":{"line":31,"column":27},"end":{"line":34,"column":6}},"9":{"start":{"line":35,"column":4},"end":{"line":35,"column":43}},"10":{"start":{"line":37,"column":4},"end":{"line":37,"column":26}},"11":{"start":{"line":41,"column":20},"end":{"line":48,"column":9}},"12":{"start":{"line":42,"column":6},"end":{"line":46,"column":null}},"13":{"start":{"line":43,"column":8},"end":{"line":43,"column":33}},"14":{"start":{"line":45,"column":8},"end":{"line":45,"column":33}},"15":{"start":{"line":47,"column":6},"end":{"line":47,"column":17}},"16":{"start":{"line":50,"column":4},"end":{"line":50,"column":19}},"17":{"start":{"line":54,"column":36},"end":{"line":55,"column":null}},"18":{"start":{"line":55,"column":23},"end":{"line":55,"column":48}},"19":{"start":{"line":58,"column":18},"end":{"line":60,"column":9}},"20":{"start":{"line":59,"column":6},"end":{"line":59,"column":40}},"21":{"start":{"line":62,"column":4},"end":{"line":62,"column":17}},"22":{"start":{"line":23,"column":0},"end":{"line":23,"column":13}}},"fnMap":{"0":{"name":"(anonymous_0)","decl":{"start":{"line":3,"column":0},"end":{"line":3,"column":12}},"loc":{"start":{"line":3,"column":27},"end":{"line":6,"column":1}}},"1":{"name":"(anonymous_1)","decl":{"start":{"line":26,"column":2},"end":{"line":26,"column":7}},"loc":{"start":{"line":26,"column":57},"end":{"line":38,"column":3}}},"2":{"name":"(anonymous_2)","decl":{"start":{"line":40,"column":2},"end":{"line":40,"column":7}},"loc":{"start":{"line":40,"column":18},"end":{"line":51,"column":3}}},"3":{"name":"(anonymous_3)","decl":{"start":{"line":41,"column":45},"end":{"line":41,"column":46}},"loc":{"start":{"line":41,"column":66},"end":{"line":48,"column":5}}},"4":{"name":"(anonymous_4)","decl":{"start":{"line":53,"column":2},"end":{"line":53,"column":7}},"loc":{"start":{"line":53,"column":50},"end":{"line":63,"column":3}}},"5":{"name":"(anonymous_5)","decl":{"start":{"line":55,"column":6},"end":{"line":55,"column":7}},"loc":{"start":{"line":55,"column":23},"end":{"line":55,"column":48}}},"6":{"name":"(anonymous_6)","decl":{"start":{"line":58,"column":49},"end":{"line":58,"column":50}},"loc":{"start":{"line":58,"column":70},"end":{"line":60,"column":5}}}},"branchMap":{"0":{"loc":{"start":{"line":3,"column":12},"end":{"line":3,"column":null}},"type":"binary-expr","locations":[{"start":{"line":3,"column":12},"end":{"line":3,"column":27}},{"start":{"line":3,"column":12},"end":{"line":3,"column":null}}]},"1":{"loc":{"start":{"line":27,"column":4},"end":{"line":28,"column":55}},"type":"if","locations":[{"start":{"line":27,"column":4},"end":{"line":28,"column":55}}]},"2":{"loc":{"start":{"line":42,"column":6},"end":{"line":46,"column":null}},"type":"if","locations":[{"start":{"line":42,"column":6},"end":{"line":46,"column":null}},{"start":{"line":44,"column":13},"end":{"line":46,"column":null}}]}},"s":{"0":1,"1":1,"2":1,"3":1,"4":7,"5":8,"6":1,"7":7,"8":7,"9":7,"10":7,"11":2,"12":2,"13":1,"14":1,"15":2,"16":2,"17":1,"18":3,"19":1,"20":2,"21":1,"22":1},"f":{"0":1,"1":8,"2":2,"3":2,"4":1,"5":3,"6":2},"b":{"0":[1,1],"1":[1],"2":[1,1]}}
,"/home/jairo/Studies/sercomp/test/src/index.ts": {"path":"/home/jairo/Studies/sercomp/test/src/index.ts","statementMap":{"0":{"start":{"line":2,"column":2},"end":{"line":2,"column":15}},"1":{"start":{"line":1,"column":0},"end":{"line":1,"column":16}}},"fnMap":{"0":{"name":"sum","decl":{"start":{"line":1,"column":16},"end":{"line":1,"column":19}},"loc":{"start":{"line":1,"column":40},"end":{"line":3,"column":1}}}},"branchMap":{},"s":{"0":0,"1":1},"f":{"0":0},"b":{}}
}
