TN:
SF:src/finances.ts
FN:3,(anonymous_0)
FN:26,(anonymous_1)
FN:40,(anonymous_2)
FN:41,(anonymous_3)
FN:53,(anonymous_4)
FN:55,(anonymous_5)
FN:58,(anonymous_6)
FNF:7
FNH:7
FNDA:1,(anonymous_0)
FNDA:8,(anonymous_1)
FNDA:2,(anonymous_2)
FNDA:2,(anonymous_3)
FNDA:1,(anonymous_4)
FNDA:3,(anonymous_5)
FNDA:2,(anonymous_6)
DA:1,1
DA:3,1
DA:4,1
DA:5,1
DA:23,1
DA:24,7
DA:27,8
DA:28,1
DA:30,7
DA:31,7
DA:35,7
DA:37,7
DA:41,2
DA:42,2
DA:43,1
DA:45,1
DA:47,2
DA:50,2
DA:54,1
DA:55,3
DA:58,1
DA:59,2
DA:62,1
LF:23
LH:23
BRDA:3,0,0,1
BRDA:3,0,1,1
BRDA:27,1,0,1
BRDA:42,2,0,1
BRDA:42,2,1,1
BRF:5
BRH:5
end_of_record
TN:
SF:src/index.ts
FN:1,sum
FNF:1
FNH:0
FNDA:0,sum
DA:1,1
DA:2,0
LF:2
LH:1
BRF:0
BRH:0
end_of_record
